2025-08-08 11:48:04 DEBUG WebDriverManager:226 - Using WebDriverManager 5.7.0
2025-08-08 11:48:04 DEBUG ResolutionCache:186 - Resolution chrome=139 in cache (valid until 12:37:08 08/08/2025 IST)
2025-08-08 11:48:04 DEBUG ResolutionCache:186 - Resolution chrome139=139.0.7258.66 in cache (valid until 10:35:47 09/08/2025 IST)
2025-08-08 11:48:04 INFO  WebDriverManager:1219 - Using chromedriver 139.0.7258.66 (resolved driver for Chrome 139)
2025-08-08 11:48:04 DEBUG WebDriverManager:1178 - Driver chromedriver 139.0.7258.66 found in cache
2025-08-08 11:48:04 INFO  WebDriverManager:1281 - Exporting webdriver.chrome.driver as C:\Users\Sai\.cache\selenium\chromedriver\win64\139.0.7258.66\chromedriver.exe
2025-08-08 11:48:05 INFO  LoginPage:17 - LoginPage initialized
2025-08-08 11:48:08 INFO  Login:24 - Navigated to login page
2025-08-08 11:48:08 INFO  LoginPage:34 - Login Page Title: Adactin.com - Hotel Reservation System
2025-08-08 11:48:08 INFO  Login:30 - Login page title is: Adactin.com - Hotel Reservation System
2025-08-08 11:48:08 INFO  LoginPage:34 - Login Page Title: Adactin.com - Hotel Reservation System
2025-08-08 11:48:08 INFO  Login:36 - Asserting page title
2025-08-08 11:48:09 DEBUG WebDriverManager:226 - Using WebDriverManager 5.7.0
2025-08-08 11:48:09 DEBUG ResolutionCache:186 - Resolution chrome=139 in cache (valid until 12:37:08 08/08/2025 IST)
2025-08-08 11:48:09 DEBUG ResolutionCache:186 - Resolution chrome139=139.0.7258.66 in cache (valid until 10:35:47 09/08/2025 IST)
2025-08-08 11:48:09 INFO  WebDriverManager:1219 - Using chromedriver 139.0.7258.66 (resolved driver for Chrome 139)
2025-08-08 11:48:09 DEBUG WebDriverManager:1178 - Driver chromedriver 139.0.7258.66 found in cache
2025-08-08 11:48:09 INFO  WebDriverManager:1281 - Exporting webdriver.chrome.driver as C:\Users\Sai\.cache\selenium\chromedriver\win64\139.0.7258.66\chromedriver.exe
2025-08-08 11:48:10 INFO  LoginPage:17 - LoginPage initialized
2025-08-08 11:48:12 INFO  Login:24 - Navigated to login page
2025-08-08 11:48:12 INFO  Login:44 - Checking if forgot password link is visible
2025-08-08 11:48:12 INFO  LoginPage:40 - Forgot Password Link Displayed: true
2025-08-08 11:48:12 DEBUG WebDriverManager:226 - Using WebDriverManager 5.7.0
2025-08-08 11:48:12 DEBUG ResolutionCache:186 - Resolution chrome=139 in cache (valid until 12:37:08 08/08/2025 IST)
2025-08-08 11:48:12 DEBUG ResolutionCache:186 - Resolution chrome139=139.0.7258.66 in cache (valid until 10:35:47 09/08/2025 IST)
2025-08-08 11:48:12 INFO  WebDriverManager:1219 - Using chromedriver 139.0.7258.66 (resolved driver for Chrome 139)
2025-08-08 11:48:12 DEBUG WebDriverManager:1178 - Driver chromedriver 139.0.7258.66 found in cache
2025-08-08 11:48:12 INFO  WebDriverManager:1281 - Exporting webdriver.chrome.driver as C:\Users\Sai\.cache\selenium\chromedriver\win64\139.0.7258.66\chromedriver.exe
2025-08-08 11:48:13 INFO  LoginPage:17 - LoginPage initialized
2025-08-08 11:48:19 INFO  Login:24 - Navigated to login page
2025-08-08 11:48:19 INFO  LoginPage:45 - Entering username: kanakasai.mereddy03@gmail.com
2025-08-08 11:48:19 INFO  LoginPage:51 - Entering password
2025-08-08 11:48:19 INFO  LoginPage:57 - Clicking on Login Button
2025-08-08 11:48:20 INFO  LoginPage:34 - Login Page Title: Adactin.com - Hotel Reservation System
2025-08-08 11:48:20 INFO  Login:30 - Login page title is: Adactin.com - Hotel Reservation System
2025-08-08 11:48:20 INFO  LoginPage:34 - Login Page Title: Adactin.com - Hotel Reservation System
2025-08-08 11:48:20 INFO  Login:36 - Asserting page title
2025-08-08 11:48:21 DEBUG cache:45 - Couldn't find template in cache for "spark/spark.spa.ftl"("en_US", UTF-8, parsed); will try to load it.
2025-08-08 11:48:21 DEBUG cache:45 - TemplateLoader.findTemplateSource("spark/spark.spa_en_US.ftl"): Not found
2025-08-08 11:48:21 DEBUG cache:45 - TemplateLoader.findTemplateSource("spark/spark.spa_en.ftl"): Not found
2025-08-08 11:48:21 DEBUG cache:45 - TemplateLoader.findTemplateSource("spark/spark.spa.ftl"): Found
2025-08-08 11:48:21 DEBUG cache:45 - Loading template for "spark/spark.spa.ftl"("en_US", UTF-8, parsed) from "jar:file:/C:/Users/Sai/.m2/repository/com/aventstack/extentreports/5.1.1/extentreports-5.1.1.jar!/com/aventstack/extentreports/templates/spark/spark.spa.ftl"
2025-08-08 11:48:21 DEBUG cache:45 - Couldn't find template in cache for "commons/commons-variables.ftl"("en_US", UTF-8, parsed); will try to load it.
2025-08-08 11:48:21 DEBUG cache:45 - TemplateLoader.findTemplateSource("commons/commons-variables_en_US.ftl"): Not found
2025-08-08 11:48:21 DEBUG cache:45 - TemplateLoader.findTemplateSource("commons/commons-variables_en.ftl"): Not found
2025-08-08 11:48:21 DEBUG cache:45 - TemplateLoader.findTemplateSource("commons/commons-variables.ftl"): Found
2025-08-08 11:48:21 DEBUG cache:45 - Loading template for "commons/commons-variables.ftl"("en_US", UTF-8, parsed) from "jar:file:/C:/Users/Sai/.m2/repository/tech/grasshopper/htmlextentreporter/1.0.1/htmlextentreporter-1.0.1.jar!/com/aventstack/extentreports/templates/commons/commons-variables.ftl"
2025-08-08 11:48:21 DEBUG cache:45 - Couldn't find template in cache for "commons/commons-macros.ftl"("en_US", UTF-8, parsed); will try to load it.
2025-08-08 11:48:21 DEBUG cache:45 - TemplateLoader.findTemplateSource("commons/commons-macros_en_US.ftl"): Not found
2025-08-08 11:48:21 DEBUG cache:45 - TemplateLoader.findTemplateSource("commons/commons-macros_en.ftl"): Not found
2025-08-08 11:48:21 DEBUG cache:45 - TemplateLoader.findTemplateSource("commons/commons-macros.ftl"): Found
2025-08-08 11:48:21 DEBUG cache:45 - Loading template for "commons/commons-macros.ftl"("en_US", UTF-8, parsed) from "jar:file:/C:/Users/Sai/.m2/repository/com/aventstack/extentreports/5.1.1/extentreports-5.1.1.jar!/com/aventstack/extentreports/templates/commons/commons-macros.ftl"
2025-08-08 11:48:21 DEBUG cache:45 - Couldn't find template in cache for "spark/macros/attributes.ftl"("en_US", UTF-8, parsed); will try to load it.
2025-08-08 11:48:21 DEBUG cache:45 - TemplateLoader.findTemplateSource("spark/macros/attributes_en_US.ftl"): Not found
2025-08-08 11:48:21 DEBUG cache:45 - TemplateLoader.findTemplateSource("spark/macros/attributes_en.ftl"): Not found
2025-08-08 11:48:21 DEBUG cache:45 - TemplateLoader.findTemplateSource("spark/macros/attributes.ftl"): Found
2025-08-08 11:48:21 DEBUG cache:45 - Loading template for "spark/macros/attributes.ftl"("en_US", UTF-8, parsed) from "jar:file:/C:/Users/Sai/.m2/repository/com/aventstack/extentreports/5.1.1/extentreports-5.1.1.jar!/com/aventstack/extentreports/templates/spark/macros/attributes.ftl"
2025-08-08 11:48:21 DEBUG cache:45 - Couldn't find template in cache for "spark/macros/log.ftl"("en_US", UTF-8, parsed); will try to load it.
2025-08-08 11:48:21 DEBUG cache:45 - TemplateLoader.findTemplateSource("spark/macros/log_en_US.ftl"): Not found
2025-08-08 11:48:21 DEBUG cache:45 - TemplateLoader.findTemplateSource("spark/macros/log_en.ftl"): Not found
2025-08-08 11:48:21 DEBUG cache:45 - TemplateLoader.findTemplateSource("spark/macros/log.ftl"): Found
2025-08-08 11:48:21 DEBUG cache:45 - Loading template for "spark/macros/log.ftl"("en_US", UTF-8, parsed) from "jar:file:/C:/Users/Sai/.m2/repository/com/aventstack/extentreports/5.1.1/extentreports-5.1.1.jar!/com/aventstack/extentreports/templates/spark/macros/log.ftl"
2025-08-08 11:48:21 DEBUG cache:45 - Couldn't find template in cache for "spark/macros/recurse_nodes.ftl"("en_US", UTF-8, parsed); will try to load it.
2025-08-08 11:48:21 DEBUG cache:45 - TemplateLoader.findTemplateSource("spark/macros/recurse_nodes_en_US.ftl"): Not found
2025-08-08 11:48:21 DEBUG cache:45 - TemplateLoader.findTemplateSource("spark/macros/recurse_nodes_en.ftl"): Not found
2025-08-08 11:48:21 DEBUG cache:45 - TemplateLoader.findTemplateSource("spark/macros/recurse_nodes.ftl"): Found
2025-08-08 11:48:21 DEBUG cache:45 - Loading template for "spark/macros/recurse_nodes.ftl"("en_US", UTF-8, parsed) from "jar:file:/C:/Users/Sai/.m2/repository/com/aventstack/extentreports/5.1.1/extentreports-5.1.1.jar!/com/aventstack/extentreports/templates/spark/macros/recurse_nodes.ftl"
2025-08-08 11:48:21 DEBUG cache:45 - "spark/macros/log.ftl"("en_US", UTF-8, parsed) cached copy not yet stale; using cached.
2025-08-08 11:48:21 DEBUG cache:45 - Couldn't find template in cache for "spark/macros/attr-common.ftl"("en_US", UTF-8, parsed); will try to load it.
2025-08-08 11:48:21 DEBUG cache:45 - TemplateLoader.findTemplateSource("spark/macros/attr-common_en_US.ftl"): Not found
2025-08-08 11:48:21 DEBUG cache:45 - TemplateLoader.findTemplateSource("spark/macros/attr-common_en.ftl"): Not found
2025-08-08 11:48:21 DEBUG cache:45 - TemplateLoader.findTemplateSource("spark/macros/attr-common.ftl"): Found
2025-08-08 11:48:21 DEBUG cache:45 - Loading template for "spark/macros/attr-common.ftl"("en_US", UTF-8, parsed) from "jar:file:/C:/Users/Sai/.m2/repository/com/aventstack/extentreports/5.1.1/extentreports-5.1.1.jar!/com/aventstack/extentreports/templates/spark/macros/attr-common.ftl"
2025-08-08 11:48:21 DEBUG cache:45 - Couldn't find template in cache for "spark/partials/head.ftl"("en_US", UTF-8, parsed); will try to load it.
2025-08-08 11:48:21 DEBUG cache:45 - TemplateLoader.findTemplateSource("spark/partials/head_en_US.ftl"): Not found
2025-08-08 11:48:21 DEBUG cache:45 - TemplateLoader.findTemplateSource("spark/partials/head_en.ftl"): Not found
2025-08-08 11:48:21 DEBUG cache:45 - TemplateLoader.findTemplateSource("spark/partials/head.ftl"): Found
2025-08-08 11:48:21 DEBUG cache:45 - Loading template for "spark/partials/head.ftl"("en_US", UTF-8, parsed) from "jar:file:/C:/Users/Sai/.m2/repository/com/aventstack/extentreports/5.1.1/extentreports-5.1.1.jar!/com/aventstack/extentreports/templates/spark/partials/head.ftl"
2025-08-08 11:48:21 DEBUG cache:45 - Couldn't find template in cache for "commons/commons-inject-css.ftl"("en_US", UTF-8, parsed); will try to load it.
2025-08-08 11:48:21 DEBUG cache:45 - TemplateLoader.findTemplateSource("commons/commons-inject-css_en_US.ftl"): Not found
2025-08-08 11:48:21 DEBUG cache:45 - TemplateLoader.findTemplateSource("commons/commons-inject-css_en.ftl"): Not found
2025-08-08 11:48:21 DEBUG cache:45 - TemplateLoader.findTemplateSource("commons/commons-inject-css.ftl"): Found
2025-08-08 11:48:21 DEBUG cache:45 - Loading template for "commons/commons-inject-css.ftl"("en_US", UTF-8, parsed) from "jar:file:/C:/Users/Sai/.m2/repository/com/aventstack/extentreports/5.1.1/extentreports-5.1.1.jar!/com/aventstack/extentreports/templates/commons/commons-inject-css.ftl"
2025-08-08 11:48:21 DEBUG cache:45 - Couldn't find template in cache for "spark/partials/navbar.ftl"("en_US", UTF-8, parsed); will try to load it.
2025-08-08 11:48:21 DEBUG cache:45 - TemplateLoader.findTemplateSource("spark/partials/navbar_en_US.ftl"): Not found
2025-08-08 11:48:21 DEBUG cache:45 - TemplateLoader.findTemplateSource("spark/partials/navbar_en.ftl"): Not found
2025-08-08 11:48:21 DEBUG cache:45 - TemplateLoader.findTemplateSource("spark/partials/navbar.ftl"): Found
2025-08-08 11:48:21 DEBUG cache:45 - Loading template for "spark/partials/navbar.ftl"("en_US", UTF-8, parsed) from "jar:file:/C:/Users/Sai/.m2/repository/com/aventstack/extentreports/5.1.1/extentreports-5.1.1.jar!/com/aventstack/extentreports/templates/spark/partials/navbar.ftl"
2025-08-08 11:48:21 DEBUG cache:45 - Couldn't find template in cache for "spark/partials/sidenav.ftl"("en_US", UTF-8, parsed); will try to load it.
2025-08-08 11:48:21 DEBUG cache:45 - TemplateLoader.findTemplateSource("spark/partials/sidenav_en_US.ftl"): Not found
2025-08-08 11:48:21 DEBUG cache:45 - TemplateLoader.findTemplateSource("spark/partials/sidenav_en.ftl"): Not found
2025-08-08 11:48:21 DEBUG cache:45 - TemplateLoader.findTemplateSource("spark/partials/sidenav.ftl"): Found
2025-08-08 11:48:21 DEBUG cache:45 - Loading template for "spark/partials/sidenav.ftl"("en_US", UTF-8, parsed) from "jar:file:/C:/Users/Sai/.m2/repository/com/aventstack/extentreports/5.1.1/extentreports-5.1.1.jar!/com/aventstack/extentreports/templates/spark/partials/sidenav.ftl"
2025-08-08 11:48:21 DEBUG cache:45 - Couldn't find template in cache for "spark/partials/test.ftl"("en_US", UTF-8, parsed); will try to load it.
2025-08-08 11:48:21 DEBUG cache:45 - TemplateLoader.findTemplateSource("spark/partials/test_en_US.ftl"): Not found
2025-08-08 11:48:21 DEBUG cache:45 - TemplateLoader.findTemplateSource("spark/partials/test_en.ftl"): Not found
2025-08-08 11:48:21 DEBUG cache:45 - TemplateLoader.findTemplateSource("spark/partials/test.ftl"): Found
2025-08-08 11:48:21 DEBUG cache:45 - Loading template for "spark/partials/test.ftl"("en_US", UTF-8, parsed) from "jar:file:/C:/Users/Sai/.m2/repository/com/aventstack/extentreports/5.1.1/extentreports-5.1.1.jar!/com/aventstack/extentreports/templates/spark/partials/test.ftl"
2025-08-08 11:48:21 DEBUG cache:45 - Couldn't find template in cache for "spark/partials/standard-content.ftl"("en_US", UTF-8, parsed); will try to load it.
2025-08-08 11:48:21 DEBUG cache:45 - TemplateLoader.findTemplateSource("spark/partials/standard-content_en_US.ftl"): Not found
2025-08-08 11:48:21 DEBUG cache:45 - TemplateLoader.findTemplateSource("spark/partials/standard-content_en.ftl"): Not found
2025-08-08 11:48:21 DEBUG cache:45 - TemplateLoader.findTemplateSource("spark/partials/standard-content.ftl"): Found
2025-08-08 11:48:21 DEBUG cache:45 - Loading template for "spark/partials/standard-content.ftl"("en_US", UTF-8, parsed) from "jar:file:/C:/Users/Sai/.m2/repository/com/aventstack/extentreports/5.1.1/extentreports-5.1.1.jar!/com/aventstack/extentreports/templates/spark/partials/standard-content.ftl"
2025-08-08 11:48:21 DEBUG cache:45 - "spark/partials/standard-content.ftl"("en_US", UTF-8, parsed) cached copy not yet stale; using cached.
2025-08-08 11:48:21 DEBUG cache:45 - "spark/partials/standard-content.ftl"("en_US", UTF-8, parsed) cached copy not yet stale; using cached.
2025-08-08 11:48:21 DEBUG cache:45 - Couldn't find template in cache for "spark/partials/exception.ftl"("en_US", UTF-8, parsed); will try to load it.
2025-08-08 11:48:21 DEBUG cache:45 - TemplateLoader.findTemplateSource("spark/partials/exception_en_US.ftl"): Not found
2025-08-08 11:48:21 DEBUG cache:45 - TemplateLoader.findTemplateSource("spark/partials/exception_en.ftl"): Not found
2025-08-08 11:48:21 DEBUG cache:45 - TemplateLoader.findTemplateSource("spark/partials/exception.ftl"): Found
2025-08-08 11:48:21 DEBUG cache:45 - Loading template for "spark/partials/exception.ftl"("en_US", UTF-8, parsed) from "jar:file:/C:/Users/Sai/.m2/repository/com/aventstack/extentreports/5.1.1/extentreports-5.1.1.jar!/com/aventstack/extentreports/templates/spark/partials/exception.ftl"
2025-08-08 11:48:21 DEBUG cache:45 - Couldn't find template in cache for "spark/partials/category.ftl"("en_US", UTF-8, parsed); will try to load it.
2025-08-08 11:48:21 DEBUG cache:45 - TemplateLoader.findTemplateSource("spark/partials/category_en_US.ftl"): Not found
2025-08-08 11:48:21 DEBUG cache:45 - TemplateLoader.findTemplateSource("spark/partials/category_en.ftl"): Not found
2025-08-08 11:48:21 DEBUG cache:45 - TemplateLoader.findTemplateSource("spark/partials/category.ftl"): Found
2025-08-08 11:48:21 DEBUG cache:45 - Loading template for "spark/partials/category.ftl"("en_US", UTF-8, parsed) from "jar:file:/C:/Users/Sai/.m2/repository/com/aventstack/extentreports/5.1.1/extentreports-5.1.1.jar!/com/aventstack/extentreports/templates/spark/partials/category.ftl"
2025-08-08 11:48:21 DEBUG cache:45 - Couldn't find template in cache for "spark/partials/device.ftl"("en_US", UTF-8, parsed); will try to load it.
2025-08-08 11:48:21 DEBUG cache:45 - TemplateLoader.findTemplateSource("spark/partials/device_en_US.ftl"): Not found
2025-08-08 11:48:21 DEBUG cache:45 - TemplateLoader.findTemplateSource("spark/partials/device_en.ftl"): Not found
2025-08-08 11:48:21 DEBUG cache:45 - TemplateLoader.findTemplateSource("spark/partials/device.ftl"): Found
2025-08-08 11:48:21 DEBUG cache:45 - Loading template for "spark/partials/device.ftl"("en_US", UTF-8, parsed) from "jar:file:/C:/Users/Sai/.m2/repository/com/aventstack/extentreports/5.1.1/extentreports-5.1.1.jar!/com/aventstack/extentreports/templates/spark/partials/device.ftl"
2025-08-08 11:48:21 DEBUG cache:45 - Couldn't find template in cache for "spark/partials/author.ftl"("en_US", UTF-8, parsed); will try to load it.
2025-08-08 11:48:21 DEBUG cache:45 - TemplateLoader.findTemplateSource("spark/partials/author_en_US.ftl"): Not found
2025-08-08 11:48:21 DEBUG cache:45 - TemplateLoader.findTemplateSource("spark/partials/author_en.ftl"): Not found
2025-08-08 11:48:21 DEBUG cache:45 - TemplateLoader.findTemplateSource("spark/partials/author.ftl"): Found
2025-08-08 11:48:21 DEBUG cache:45 - Loading template for "spark/partials/author.ftl"("en_US", UTF-8, parsed) from "jar:file:/C:/Users/Sai/.m2/repository/com/aventstack/extentreports/5.1.1/extentreports-5.1.1.jar!/com/aventstack/extentreports/templates/spark/partials/author.ftl"
2025-08-08 11:48:21 DEBUG cache:45 - Couldn't find template in cache for "spark/partials/log.ftl"("en_US", UTF-8, parsed); will try to load it.
2025-08-08 11:48:21 DEBUG cache:45 - TemplateLoader.findTemplateSource("spark/partials/log_en_US.ftl"): Not found
2025-08-08 11:48:21 DEBUG cache:45 - TemplateLoader.findTemplateSource("spark/partials/log_en.ftl"): Not found
2025-08-08 11:48:21 DEBUG cache:45 - TemplateLoader.findTemplateSource("spark/partials/log.ftl"): Found
2025-08-08 11:48:21 DEBUG cache:45 - Loading template for "spark/partials/log.ftl"("en_US", UTF-8, parsed) from "jar:file:/C:/Users/Sai/.m2/repository/com/aventstack/extentreports/5.1.1/extentreports-5.1.1.jar!/com/aventstack/extentreports/templates/spark/partials/log.ftl"
2025-08-08 11:48:21 DEBUG cache:45 - Couldn't find template in cache for "spark/partials/dashboard.ftl"("en_US", UTF-8, parsed); will try to load it.
2025-08-08 11:48:21 DEBUG cache:45 - TemplateLoader.findTemplateSource("spark/partials/dashboard_en_US.ftl"): Not found
2025-08-08 11:48:21 DEBUG cache:45 - TemplateLoader.findTemplateSource("spark/partials/dashboard_en.ftl"): Not found
2025-08-08 11:48:21 DEBUG cache:45 - TemplateLoader.findTemplateSource("spark/partials/dashboard.ftl"): Found
2025-08-08 11:48:21 DEBUG cache:45 - Loading template for "spark/partials/dashboard.ftl"("en_US", UTF-8, parsed) from "jar:file:/C:/Users/Sai/.m2/repository/com/aventstack/extentreports/5.1.1/extentreports-5.1.1.jar!/com/aventstack/extentreports/templates/spark/partials/dashboard.ftl"
2025-08-08 11:48:21 DEBUG cache:45 - Couldn't find template in cache for "spark/partials/scripts.ftl"("en_US", UTF-8, parsed); will try to load it.
2025-08-08 11:48:21 DEBUG cache:45 - TemplateLoader.findTemplateSource("spark/partials/scripts_en_US.ftl"): Not found
2025-08-08 11:48:21 DEBUG cache:45 - TemplateLoader.findTemplateSource("spark/partials/scripts_en.ftl"): Not found
2025-08-08 11:48:21 DEBUG cache:45 - TemplateLoader.findTemplateSource("spark/partials/scripts.ftl"): Found
2025-08-08 11:48:21 DEBUG cache:45 - Loading template for "spark/partials/scripts.ftl"("en_US", UTF-8, parsed) from "jar:file:/C:/Users/Sai/.m2/repository/com/aventstack/extentreports/5.1.1/extentreports-5.1.1.jar!/com/aventstack/extentreports/templates/spark/partials/scripts.ftl"
2025-08-08 11:48:21 DEBUG cache:45 - Couldn't find template in cache for "commons/commons-inject-js.ftl"("en_US", UTF-8, parsed); will try to load it.
2025-08-08 11:48:21 DEBUG cache:45 - TemplateLoader.findTemplateSource("commons/commons-inject-js_en_US.ftl"): Not found
2025-08-08 11:48:21 DEBUG cache:45 - TemplateLoader.findTemplateSource("commons/commons-inject-js_en.ftl"): Not found
2025-08-08 11:48:21 DEBUG cache:45 - TemplateLoader.findTemplateSource("commons/commons-inject-js.ftl"): Found
2025-08-08 11:48:21 DEBUG cache:45 - Loading template for "commons/commons-inject-js.ftl"("en_US", UTF-8, parsed) from "jar:file:/C:/Users/Sai/.m2/repository/com/aventstack/extentreports/5.1.1/extentreports-5.1.1.jar!/com/aventstack/extentreports/templates/commons/commons-inject-js.ftl"
